08:54:49.538 [pool-1-thread-1] INFO  c.d.f.s.w.s.OnlineWebSessionManager - [validateSessions,88] - invalidation sessions...
08:54:49.722 [pool-1-thread-1] INFO  c.d.f.s.w.s.OnlineWebSessionManager - [validateSessions,147] - Finished invalidation session. No sessions were stopped.
08:54:49.723 [pool-1-thread-1] INFO  c.d.f.s.w.s.OnlineWebSessionManager - [validateSessions,88] - invalidation sessions...
08:54:49.726 [pool-1-thread-1] INFO  c.d.f.s.w.s.OnlineWebSessionManager - [validateSessions,147] - Finished invalidation session. No sessions were stopped.
08:54:49.727 [pool-1-thread-1] INFO  c.d.f.s.w.s.OnlineWebSessionManager - [validateSessions,88] - invalidation sessions...
08:54:49.729 [pool-1-thread-1] INFO  c.d.f.s.w.s.OnlineWebSessionManager - [validateSessions,147] - Finished invalidation session. No sessions were stopped.
08:54:49.729 [pool-1-thread-1] INFO  c.d.f.s.w.s.OnlineWebSessionManager - [validateSessions,88] - invalidation sessions...
08:54:49.732 [pool-1-thread-1] INFO  c.d.f.s.w.s.OnlineWebSessionManager - [validateSessions,147] - Finished invalidation session. No sessions were stopped.
08:54:49.732 [pool-1-thread-1] INFO  c.d.f.s.w.s.OnlineWebSessionManager - [validateSessions,88] - invalidation sessions...
08:54:49.736 [pool-1-thread-1] INFO  c.d.f.s.w.s.OnlineWebSessionManager - [validateSessions,147] - Finished invalidation session. No sessions were stopped.
08:54:52.243 [pool-1-thread-1] INFO  c.d.f.s.w.s.OnlineWebSessionManager - [validateSessions,88] - invalidation sessions...
08:54:52.246 [pool-1-thread-1] INFO  c.d.f.s.w.s.OnlineWebSessionManager - [validateSessions,147] - Finished invalidation session. No sessions were stopped.
08:54:52.246 [pool-1-thread-1] INFO  c.d.f.s.w.s.OnlineWebSessionManager - [validateSessions,88] - invalidation sessions...
08:54:52.248 [pool-1-thread-1] INFO  c.d.f.s.w.s.OnlineWebSessionManager - [validateSessions,147] - Finished invalidation session. No sessions were stopped.
08:54:52.248 [pool-1-thread-1] INFO  c.d.f.s.w.s.OnlineWebSessionManager - [validateSessions,88] - invalidation sessions...
08:54:52.251 [pool-1-thread-1] INFO  c.d.f.s.w.s.OnlineWebSessionManager - [validateSessions,147] - Finished invalidation session. No sessions were stopped.
08:54:52.251 [pool-1-thread-1] INFO  c.d.f.s.w.s.OnlineWebSessionManager - [validateSessions,88] - invalidation sessions...
08:54:52.256 [pool-1-thread-1] INFO  c.d.f.s.w.s.OnlineWebSessionManager - [validateSessions,147] - Finished invalidation session. No sessions were stopped.
08:54:52.257 [pool-1-thread-1] INFO  c.d.f.s.w.s.OnlineWebSessionManager - [validateSessions,88] - invalidation sessions...
08:54:52.259 [pool-1-thread-1] INFO  c.d.f.s.w.s.OnlineWebSessionManager - [validateSessions,147] - Finished invalidation session. No sessions were stopped.
08:54:52.259 [pool-1-thread-1] INFO  c.d.f.s.w.s.OnlineWebSessionManager - [validateSessions,88] - invalidation sessions...
08:54:52.262 [pool-1-thread-1] INFO  c.d.f.s.w.s.OnlineWebSessionManager - [validateSessions,147] - Finished invalidation session. No sessions were stopped.
08:54:52.262 [pool-1-thread-1] INFO  c.d.f.s.w.s.OnlineWebSessionManager - [validateSessions,88] - invalidation sessions...
08:54:52.265 [pool-1-thread-1] INFO  c.d.f.s.w.s.OnlineWebSessionManager - [validateSessions,147] - Finished invalidation session. No sessions were stopped.
08:54:52.265 [pool-1-thread-1] INFO  c.d.f.s.w.s.OnlineWebSessionManager - [validateSessions,88] - invalidation sessions...
08:54:52.268 [pool-1-thread-1] INFO  c.d.f.s.w.s.OnlineWebSessionManager - [validateSessions,147] - Finished invalidation session. No sessions were stopped.
08:54:52.268 [pool-1-thread-1] INFO  c.d.f.s.w.s.OnlineWebSessionManager - [validateSessions,88] - invalidation sessions...
08:54:52.271 [pool-1-thread-1] INFO  c.d.f.s.w.s.OnlineWebSessionManager - [validateSessions,147] - Finished invalidation session. No sessions were stopped.
08:54:52.271 [pool-1-thread-1] INFO  c.d.f.s.w.s.OnlineWebSessionManager - [validateSessions,88] - invalidation sessions...
08:54:52.274 [pool-1-thread-1] INFO  c.d.f.s.w.s.OnlineWebSessionManager - [validateSessions,147] - Finished invalidation session. No sessions were stopped.
08:54:52.274 [pool-1-thread-1] INFO  c.d.f.s.w.s.OnlineWebSessionManager - [validateSessions,88] - invalidation sessions...
08:54:52.277 [pool-1-thread-1] INFO  c.d.f.s.w.s.OnlineWebSessionManager - [validateSessions,147] - Finished invalidation session. No sessions were stopped.
08:54:52.278 [pool-1-thread-1] INFO  c.d.f.s.w.s.OnlineWebSessionManager - [validateSessions,88] - invalidation sessions...
08:54:52.281 [pool-1-thread-1] INFO  c.d.f.s.w.s.OnlineWebSessionManager - [validateSessions,147] - Finished invalidation session. No sessions were stopped.
08:54:52.281 [pool-1-thread-1] INFO  c.d.f.s.w.s.OnlineWebSessionManager - [validateSessions,88] - invalidation sessions...
08:54:52.285 [pool-1-thread-1] INFO  c.d.f.s.w.s.OnlineWebSessionManager - [validateSessions,147] - Finished invalidation session. No sessions were stopped.
08:54:52.285 [pool-1-thread-1] INFO  c.d.f.s.w.s.OnlineWebSessionManager - [validateSessions,88] - invalidation sessions...
08:54:52.288 [pool-1-thread-1] INFO  c.d.f.s.w.s.OnlineWebSessionManager - [validateSessions,147] - Finished invalidation session. No sessions were stopped.
08:54:52.289 [pool-1-thread-1] INFO  c.d.f.s.w.s.OnlineWebSessionManager - [validateSessions,88] - invalidation sessions...
08:54:52.291 [pool-1-thread-1] INFO  c.d.f.s.w.s.OnlineWebSessionManager - [validateSessions,147] - Finished invalidation session. No sessions were stopped.
08:54:52.291 [pool-1-thread-1] INFO  c.d.f.s.w.s.OnlineWebSessionManager - [validateSessions,88] - invalidation sessions...
08:54:52.298 [pool-1-thread-1] INFO  c.d.f.s.w.s.OnlineWebSessionManager - [validateSessions,147] - Finished invalidation session. No sessions were stopped.
08:54:52.298 [pool-1-thread-1] INFO  c.d.f.s.w.s.OnlineWebSessionManager - [validateSessions,88] - invalidation sessions...
08:54:52.301 [pool-1-thread-1] INFO  c.d.f.s.w.s.OnlineWebSessionManager - [validateSessions,147] - Finished invalidation session. No sessions were stopped.
08:54:52.301 [pool-1-thread-1] INFO  c.d.f.s.w.s.OnlineWebSessionManager - [validateSessions,88] - invalidation sessions...
08:54:52.325 [pool-1-thread-1] INFO  c.d.f.s.w.s.OnlineWebSessionManager - [validateSessions,147] - Finished invalidation session. No sessions were stopped.
08:54:52.325 [pool-1-thread-1] INFO  c.d.f.s.w.s.OnlineWebSessionManager - [validateSessions,88] - invalidation sessions...
08:54:52.332 [pool-1-thread-1] INFO  c.d.f.s.w.s.OnlineWebSessionManager - [validateSessions,147] - Finished invalidation session. No sessions were stopped.
08:54:52.332 [pool-1-thread-1] INFO  c.d.f.s.w.s.OnlineWebSessionManager - [validateSessions,88] - invalidation sessions...
08:54:52.336 [pool-1-thread-1] INFO  c.d.f.s.w.s.OnlineWebSessionManager - [validateSessions,147] - Finished invalidation session. No sessions were stopped.
08:54:52.337 [pool-1-thread-1] INFO  c.d.f.s.w.s.OnlineWebSessionManager - [validateSessions,88] - invalidation sessions...
08:54:52.343 [pool-1-thread-1] INFO  c.d.f.s.w.s.OnlineWebSessionManager - [validateSessions,147] - Finished invalidation session. No sessions were stopped.
08:54:52.343 [pool-1-thread-1] INFO  c.d.f.s.w.s.OnlineWebSessionManager - [validateSessions,88] - invalidation sessions...
08:54:52.348 [pool-1-thread-1] INFO  c.d.f.s.w.s.OnlineWebSessionManager - [validateSessions,147] - Finished invalidation session. No sessions were stopped.
08:54:52.349 [pool-1-thread-1] INFO  c.d.f.s.w.s.OnlineWebSessionManager - [validateSessions,88] - invalidation sessions...
08:54:52.353 [pool-1-thread-1] INFO  c.d.f.s.w.s.OnlineWebSessionManager - [validateSessions,147] - Finished invalidation session. No sessions were stopped.
08:54:52.354 [pool-1-thread-1] INFO  c.d.f.s.w.s.OnlineWebSessionManager - [validateSessions,88] - invalidation sessions...
08:54:52.356 [pool-1-thread-1] INFO  c.d.f.s.w.s.OnlineWebSessionManager - [validateSessions,147] - Finished invalidation session. No sessions were stopped.
08:54:52.357 [pool-1-thread-1] INFO  c.d.f.s.w.s.OnlineWebSessionManager - [validateSessions,88] - invalidation sessions...
08:54:52.360 [pool-1-thread-1] INFO  c.d.f.s.w.s.OnlineWebSessionManager - [validateSessions,147] - Finished invalidation session. No sessions were stopped.
08:54:52.360 [pool-1-thread-1] INFO  c.d.f.s.w.s.OnlineWebSessionManager - [validateSessions,88] - invalidation sessions...
08:54:52.373 [pool-1-thread-1] INFO  c.d.f.s.w.s.OnlineWebSessionManager - [validateSessions,147] - Finished invalidation session. No sessions were stopped.
08:54:52.373 [pool-1-thread-1] INFO  c.d.f.s.w.s.OnlineWebSessionManager - [validateSessions,88] - invalidation sessions...
08:54:52.387 [pool-1-thread-1] INFO  c.d.f.s.w.s.OnlineWebSessionManager - [validateSessions,147] - Finished invalidation session. No sessions were stopped.
08:54:52.387 [pool-1-thread-1] INFO  c.d.f.s.w.s.OnlineWebSessionManager - [validateSessions,88] - invalidation sessions...
08:54:52.390 [pool-1-thread-1] INFO  c.d.f.s.w.s.OnlineWebSessionManager - [validateSessions,147] - Finished invalidation session. No sessions were stopped.
08:54:52.390 [pool-1-thread-1] INFO  c.d.f.s.w.s.OnlineWebSessionManager - [validateSessions,88] - invalidation sessions...
08:54:52.392 [pool-1-thread-1] INFO  c.d.f.s.w.s.OnlineWebSessionManager - [validateSessions,147] - Finished invalidation session. No sessions were stopped.
08:54:52.392 [pool-1-thread-1] INFO  c.d.f.s.w.s.OnlineWebSessionManager - [validateSessions,88] - invalidation sessions...
08:54:52.395 [pool-1-thread-1] INFO  c.d.f.s.w.s.OnlineWebSessionManager - [validateSessions,147] - Finished invalidation session. No sessions were stopped.
08:54:52.396 [pool-1-thread-1] INFO  c.d.f.s.w.s.OnlineWebSessionManager - [validateSessions,88] - invalidation sessions...
08:54:52.411 [pool-1-thread-1] INFO  c.d.f.s.w.s.OnlineWebSessionManager - [validateSessions,147] - Finished invalidation session. No sessions were stopped.
08:54:52.411 [pool-1-thread-1] INFO  c.d.f.s.w.s.OnlineWebSessionManager - [validateSessions,88] - invalidation sessions...
08:54:52.414 [pool-1-thread-1] INFO  c.d.f.s.w.s.OnlineWebSessionManager - [validateSessions,147] - Finished invalidation session. No sessions were stopped.
08:54:52.414 [pool-1-thread-1] INFO  c.d.f.s.w.s.OnlineWebSessionManager - [validateSessions,88] - invalidation sessions...
08:54:52.420 [pool-1-thread-1] INFO  c.d.f.s.w.s.OnlineWebSessionManager - [validateSessions,147] - Finished invalidation session. No sessions were stopped.
08:54:52.420 [pool-1-thread-1] INFO  c.d.f.s.w.s.OnlineWebSessionManager - [validateSessions,88] - invalidation sessions...
08:54:52.423 [pool-1-thread-1] INFO  c.d.f.s.w.s.OnlineWebSessionManager - [validateSessions,147] - Finished invalidation session. No sessions were stopped.
08:54:52.424 [pool-1-thread-1] INFO  c.d.f.s.w.s.OnlineWebSessionManager - [validateSessions,88] - invalidation sessions...
08:54:52.427 [pool-1-thread-1] INFO  c.d.f.s.w.s.OnlineWebSessionManager - [validateSessions,147] - Finished invalidation session. No sessions were stopped.
08:54:52.427 [pool-1-thread-1] INFO  c.d.f.s.w.s.OnlineWebSessionManager - [validateSessions,88] - invalidation sessions...
08:54:52.429 [pool-1-thread-1] INFO  c.d.f.s.w.s.OnlineWebSessionManager - [validateSessions,147] - Finished invalidation session. No sessions were stopped.
08:54:52.429 [pool-1-thread-1] INFO  c.d.f.s.w.s.OnlineWebSessionManager - [validateSessions,88] - invalidation sessions...
08:54:52.500 [pool-1-thread-1] INFO  c.d.f.s.w.s.OnlineWebSessionManager - [validateSessions,147] - Finished invalidation session. No sessions were stopped.
08:54:52.500 [pool-1-thread-1] INFO  c.d.f.s.w.s.OnlineWebSessionManager - [validateSessions,88] - invalidation sessions...
08:54:52.504 [pool-1-thread-1] INFO  c.d.f.s.w.s.OnlineWebSessionManager - [validateSessions,147] - Finished invalidation session. No sessions were stopped.
08:54:52.504 [pool-1-thread-1] INFO  c.d.f.s.w.s.OnlineWebSessionManager - [validateSessions,88] - invalidation sessions...
08:54:52.507 [pool-1-thread-1] INFO  c.d.f.s.w.s.OnlineWebSessionManager - [validateSessions,147] - Finished invalidation session. No sessions were stopped.
08:54:52.508 [pool-1-thread-1] INFO  c.d.f.s.w.s.OnlineWebSessionManager - [validateSessions,88] - invalidation sessions...
08:54:52.511 [pool-1-thread-1] INFO  c.d.f.s.w.s.OnlineWebSessionManager - [validateSessions,147] - Finished invalidation session. No sessions were stopped.
08:54:52.511 [pool-1-thread-1] INFO  c.d.f.s.w.s.OnlineWebSessionManager - [validateSessions,88] - invalidation sessions...
08:54:52.514 [pool-1-thread-1] INFO  c.d.f.s.w.s.OnlineWebSessionManager - [validateSessions,147] - Finished invalidation session. No sessions were stopped.
08:54:52.514 [pool-1-thread-1] INFO  c.d.f.s.w.s.OnlineWebSessionManager - [validateSessions,88] - invalidation sessions...
08:54:52.516 [pool-1-thread-1] INFO  c.d.f.s.w.s.OnlineWebSessionManager - [validateSessions,147] - Finished invalidation session. No sessions were stopped.
08:54:52.516 [pool-1-thread-1] INFO  c.d.f.s.w.s.OnlineWebSessionManager - [validateSessions,88] - invalidation sessions...
08:54:52.519 [pool-1-thread-1] INFO  c.d.f.s.w.s.OnlineWebSessionManager - [validateSessions,147] - Finished invalidation session. No sessions were stopped.
08:54:52.519 [pool-1-thread-1] INFO  c.d.f.s.w.s.OnlineWebSessionManager - [validateSessions,88] - invalidation sessions...
08:54:52.521 [pool-1-thread-1] INFO  c.d.f.s.w.s.OnlineWebSessionManager - [validateSessions,147] - Finished invalidation session. No sessions were stopped.
08:54:52.522 [pool-1-thread-1] INFO  c.d.f.s.w.s.OnlineWebSessionManager - [validateSessions,88] - invalidation sessions...
08:54:52.524 [pool-1-thread-1] INFO  c.d.f.s.w.s.OnlineWebSessionManager - [validateSessions,147] - Finished invalidation session. No sessions were stopped.
08:54:52.525 [pool-1-thread-1] INFO  c.d.f.s.w.s.OnlineWebSessionManager - [validateSessions,88] - invalidation sessions...
08:54:52.527 [pool-1-thread-1] INFO  c.d.f.s.w.s.OnlineWebSessionManager - [validateSessions,147] - Finished invalidation session. No sessions were stopped.
08:54:52.527 [pool-1-thread-1] INFO  c.d.f.s.w.s.OnlineWebSessionManager - [validateSessions,88] - invalidation sessions...
08:54:52.530 [pool-1-thread-1] INFO  c.d.f.s.w.s.OnlineWebSessionManager - [validateSessions,147] - Finished invalidation session. No sessions were stopped.
08:54:52.530 [pool-1-thread-1] INFO  c.d.f.s.w.s.OnlineWebSessionManager - [validateSessions,88] - invalidation sessions...
08:54:52.532 [pool-1-thread-1] INFO  c.d.f.s.w.s.OnlineWebSessionManager - [validateSessions,147] - Finished invalidation session. No sessions were stopped.
08:54:52.532 [pool-1-thread-1] INFO  c.d.f.s.w.s.OnlineWebSessionManager - [validateSessions,88] - invalidation sessions...
08:54:52.535 [pool-1-thread-1] INFO  c.d.f.s.w.s.OnlineWebSessionManager - [validateSessions,147] - Finished invalidation session. No sessions were stopped.
08:54:52.535 [pool-1-thread-1] INFO  c.d.f.s.w.s.OnlineWebSessionManager - [validateSessions,88] - invalidation sessions...
08:54:52.537 [pool-1-thread-1] INFO  c.d.f.s.w.s.OnlineWebSessionManager - [validateSessions,147] - Finished invalidation session. No sessions were stopped.
08:54:52.537 [pool-1-thread-1] INFO  c.d.f.s.w.s.OnlineWebSessionManager - [validateSessions,88] - invalidation sessions...
08:54:52.540 [pool-1-thread-1] INFO  c.d.f.s.w.s.OnlineWebSessionManager - [validateSessions,147] - Finished invalidation session. No sessions were stopped.
08:54:52.540 [pool-1-thread-1] INFO  c.d.f.s.w.s.OnlineWebSessionManager - [validateSessions,88] - invalidation sessions...
08:54:52.561 [pool-1-thread-1] INFO  c.d.f.s.w.s.OnlineWebSessionManager - [validateSessions,147] - Finished invalidation session. No sessions were stopped.
08:54:52.561 [pool-1-thread-1] INFO  c.d.f.s.w.s.OnlineWebSessionManager - [validateSessions,88] - invalidation sessions...
08:54:52.563 [pool-1-thread-1] INFO  c.d.f.s.w.s.OnlineWebSessionManager - [validateSessions,147] - Finished invalidation session. No sessions were stopped.
08:54:52.564 [pool-1-thread-1] INFO  c.d.f.s.w.s.OnlineWebSessionManager - [validateSessions,88] - invalidation sessions...
08:54:52.568 [pool-1-thread-1] INFO  c.d.f.s.w.s.OnlineWebSessionManager - [validateSessions,147] - Finished invalidation session. No sessions were stopped.
08:54:52.568 [pool-1-thread-1] INFO  c.d.f.s.w.s.OnlineWebSessionManager - [validateSessions,88] - invalidation sessions...
08:54:52.571 [pool-1-thread-1] INFO  c.d.f.s.w.s.OnlineWebSessionManager - [validateSessions,147] - Finished invalidation session. No sessions were stopped.
08:54:52.571 [pool-1-thread-1] INFO  c.d.f.s.w.s.OnlineWebSessionManager - [validateSessions,88] - invalidation sessions...
08:54:52.574 [pool-1-thread-1] INFO  c.d.f.s.w.s.OnlineWebSessionManager - [validateSessions,147] - Finished invalidation session. No sessions were stopped.
08:54:52.574 [pool-1-thread-1] INFO  c.d.f.s.w.s.OnlineWebSessionManager - [validateSessions,88] - invalidation sessions...
08:54:52.577 [pool-1-thread-1] INFO  c.d.f.s.w.s.OnlineWebSessionManager - [validateSessions,147] - Finished invalidation session. No sessions were stopped.
08:54:52.577 [pool-1-thread-1] INFO  c.d.f.s.w.s.OnlineWebSessionManager - [validateSessions,88] - invalidation sessions...
08:54:52.579 [pool-1-thread-1] INFO  c.d.f.s.w.s.OnlineWebSessionManager - [validateSessions,147] - Finished invalidation session. No sessions were stopped.
08:54:52.579 [pool-1-thread-1] INFO  c.d.f.s.w.s.OnlineWebSessionManager - [validateSessions,88] - invalidation sessions...
08:54:52.582 [pool-1-thread-1] INFO  c.d.f.s.w.s.OnlineWebSessionManager - [validateSessions,147] - Finished invalidation session. No sessions were stopped.
08:54:52.582 [pool-1-thread-1] INFO  c.d.f.s.w.s.OnlineWebSessionManager - [validateSessions,88] - invalidation sessions...
08:54:52.584 [pool-1-thread-1] INFO  c.d.f.s.w.s.OnlineWebSessionManager - [validateSessions,147] - Finished invalidation session. No sessions were stopped.
08:54:52.584 [pool-1-thread-1] INFO  c.d.f.s.w.s.OnlineWebSessionManager - [validateSessions,88] - invalidation sessions...
08:54:52.587 [pool-1-thread-1] INFO  c.d.f.s.w.s.OnlineWebSessionManager - [validateSessions,147] - Finished invalidation session. No sessions were stopped.
08:54:52.587 [pool-1-thread-1] INFO  c.d.f.s.w.s.OnlineWebSessionManager - [validateSessions,88] - invalidation sessions...
08:54:52.589 [pool-1-thread-1] INFO  c.d.f.s.w.s.OnlineWebSessionManager - [validateSessions,147] - Finished invalidation session. No sessions were stopped.
08:54:52.590 [pool-1-thread-1] INFO  c.d.f.s.w.s.OnlineWebSessionManager - [validateSessions,88] - invalidation sessions...
08:54:52.611 [pool-1-thread-1] INFO  c.d.f.s.w.s.OnlineWebSessionManager - [validateSessions,147] - Finished invalidation session. No sessions were stopped.
08:54:52.611 [pool-1-thread-1] INFO  c.d.f.s.w.s.OnlineWebSessionManager - [validateSessions,88] - invalidation sessions...
08:54:52.615 [pool-1-thread-1] INFO  c.d.f.s.w.s.OnlineWebSessionManager - [validateSessions,147] - Finished invalidation session. No sessions were stopped.
08:54:52.615 [pool-1-thread-1] INFO  c.d.f.s.w.s.OnlineWebSessionManager - [validateSessions,88] - invalidation sessions...
08:54:52.618 [pool-1-thread-1] INFO  c.d.f.s.w.s.OnlineWebSessionManager - [validateSessions,147] - Finished invalidation session. No sessions were stopped.
08:54:52.618 [pool-1-thread-1] INFO  c.d.f.s.w.s.OnlineWebSessionManager - [validateSessions,88] - invalidation sessions...
08:54:52.621 [pool-1-thread-1] INFO  c.d.f.s.w.s.OnlineWebSessionManager - [validateSessions,147] - Finished invalidation session. No sessions were stopped.
08:54:52.621 [pool-1-thread-1] INFO  c.d.f.s.w.s.OnlineWebSessionManager - [validateSessions,88] - invalidation sessions...
08:54:52.624 [pool-1-thread-1] INFO  c.d.f.s.w.s.OnlineWebSessionManager - [validateSessions,147] - Finished invalidation session. No sessions were stopped.
08:54:52.624 [pool-1-thread-1] INFO  c.d.f.s.w.s.OnlineWebSessionManager - [validateSessions,88] - invalidation sessions...
08:54:52.628 [pool-1-thread-1] INFO  c.d.f.s.w.s.OnlineWebSessionManager - [validateSessions,147] - Finished invalidation session. No sessions were stopped.
08:54:52.628 [pool-1-thread-1] INFO  c.d.f.s.w.s.OnlineWebSessionManager - [validateSessions,88] - invalidation sessions...
08:54:52.631 [pool-1-thread-1] INFO  c.d.f.s.w.s.OnlineWebSessionManager - [validateSessions,147] - Finished invalidation session. No sessions were stopped.
08:54:52.631 [pool-1-thread-1] INFO  c.d.f.s.w.s.OnlineWebSessionManager - [validateSessions,88] - invalidation sessions...
08:54:52.634 [pool-1-thread-1] INFO  c.d.f.s.w.s.OnlineWebSessionManager - [validateSessions,147] - Finished invalidation session. No sessions were stopped.
08:54:52.634 [pool-1-thread-1] INFO  c.d.f.s.w.s.OnlineWebSessionManager - [validateSessions,88] - invalidation sessions...
08:54:52.637 [pool-1-thread-1] INFO  c.d.f.s.w.s.OnlineWebSessionManager - [validateSessions,147] - Finished invalidation session. No sessions were stopped.
08:54:52.638 [pool-1-thread-1] INFO  c.d.f.s.w.s.OnlineWebSessionManager - [validateSessions,88] - invalidation sessions...
08:54:52.641 [pool-1-thread-1] INFO  c.d.f.s.w.s.OnlineWebSessionManager - [validateSessions,147] - Finished invalidation session. No sessions were stopped.
08:54:52.642 [pool-1-thread-1] INFO  c.d.f.s.w.s.OnlineWebSessionManager - [validateSessions,88] - invalidation sessions...
08:54:52.646 [pool-1-thread-1] INFO  c.d.f.s.w.s.OnlineWebSessionManager - [validateSessions,147] - Finished invalidation session. No sessions were stopped.
08:54:52.647 [pool-1-thread-1] INFO  c.d.f.s.w.s.OnlineWebSessionManager - [validateSessions,88] - invalidation sessions...
08:54:52.652 [pool-1-thread-1] INFO  c.d.f.s.w.s.OnlineWebSessionManager - [validateSessions,147] - Finished invalidation session. No sessions were stopped.
08:54:52.652 [pool-1-thread-1] INFO  c.d.f.s.w.s.OnlineWebSessionManager - [validateSessions,88] - invalidation sessions...
08:54:52.655 [pool-1-thread-1] INFO  c.d.f.s.w.s.OnlineWebSessionManager - [validateSessions,147] - Finished invalidation session. No sessions were stopped.
08:54:52.656 [pool-1-thread-1] INFO  c.d.f.s.w.s.OnlineWebSessionManager - [validateSessions,88] - invalidation sessions...
08:54:52.659 [pool-1-thread-1] INFO  c.d.f.s.w.s.OnlineWebSessionManager - [validateSessions,147] - Finished invalidation session. No sessions were stopped.
08:54:52.659 [pool-1-thread-1] INFO  c.d.f.s.w.s.OnlineWebSessionManager - [validateSessions,88] - invalidation sessions...
08:54:52.663 [pool-1-thread-1] INFO  c.d.f.s.w.s.OnlineWebSessionManager - [validateSessions,147] - Finished invalidation session. No sessions were stopped.
08:54:52.663 [pool-1-thread-1] INFO  c.d.f.s.w.s.OnlineWebSessionManager - [validateSessions,88] - invalidation sessions...
08:54:52.670 [pool-1-thread-1] INFO  c.d.f.s.w.s.OnlineWebSessionManager - [validateSessions,147] - Finished invalidation session. No sessions were stopped.
08:54:52.670 [pool-1-thread-1] INFO  c.d.f.s.w.s.OnlineWebSessionManager - [validateSessions,88] - invalidation sessions...
08:54:52.676 [pool-1-thread-1] INFO  c.d.f.s.w.s.OnlineWebSessionManager - [validateSessions,147] - Finished invalidation session. No sessions were stopped.
08:54:52.677 [pool-1-thread-1] INFO  c.d.f.s.w.s.OnlineWebSessionManager - [validateSessions,88] - invalidation sessions...
08:54:52.680 [pool-1-thread-1] INFO  c.d.f.s.w.s.OnlineWebSessionManager - [validateSessions,147] - Finished invalidation session. No sessions were stopped.
08:54:52.680 [pool-1-thread-1] INFO  c.d.f.s.w.s.OnlineWebSessionManager - [validateSessions,88] - invalidation sessions...
08:54:52.682 [pool-1-thread-1] INFO  c.d.f.s.w.s.OnlineWebSessionManager - [validateSessions,147] - Finished invalidation session. No sessions were stopped.
08:54:52.682 [pool-1-thread-1] INFO  c.d.f.s.w.s.OnlineWebSessionManager - [validateSessions,88] - invalidation sessions...
08:54:52.684 [pool-1-thread-1] INFO  c.d.f.s.w.s.OnlineWebSessionManager - [validateSessions,147] - Finished invalidation session. No sessions were stopped.
08:54:52.684 [pool-1-thread-1] INFO  c.d.f.s.w.s.OnlineWebSessionManager - [validateSessions,88] - invalidation sessions...
08:54:52.687 [pool-1-thread-1] INFO  c.d.f.s.w.s.OnlineWebSessionManager - [validateSessions,147] - Finished invalidation session. No sessions were stopped.
08:54:52.687 [pool-1-thread-1] INFO  c.d.f.s.w.s.OnlineWebSessionManager - [validateSessions,88] - invalidation sessions...
08:54:52.689 [pool-1-thread-1] INFO  c.d.f.s.w.s.OnlineWebSessionManager - [validateSessions,147] - Finished invalidation session. No sessions were stopped.
08:54:52.689 [pool-1-thread-1] INFO  c.d.f.s.w.s.OnlineWebSessionManager - [validateSessions,88] - invalidation sessions...
08:54:52.691 [pool-1-thread-1] INFO  c.d.f.s.w.s.OnlineWebSessionManager - [validateSessions,147] - Finished invalidation session. No sessions were stopped.
08:54:52.691 [pool-1-thread-1] INFO  c.d.f.s.w.s.OnlineWebSessionManager - [validateSessions,88] - invalidation sessions...
08:54:52.694 [pool-1-thread-1] INFO  c.d.f.s.w.s.OnlineWebSessionManager - [validateSessions,147] - Finished invalidation session. No sessions were stopped.
09:00:33.986 [pool-1-thread-1] INFO  c.d.f.s.w.s.OnlineWebSessionManager - [validateSessions,88] - invalidation sessions...
09:00:33.988 [pool-1-thread-1] INFO  c.d.f.s.w.s.OnlineWebSessionManager - [validateSessions,147] - Finished invalidation session. No sessions were stopped.
09:10:33.991 [pool-1-thread-1] INFO  c.d.f.s.w.s.OnlineWebSessionManager - [validateSessions,88] - invalidation sessions...
09:10:33.993 [pool-1-thread-1] INFO  c.d.f.s.w.s.OnlineWebSessionManager - [validateSessions,147] - Finished invalidation session. No sessions were stopped.
09:20:33.997 [pool-1-thread-1] INFO  c.d.f.s.w.s.OnlineWebSessionManager - [validateSessions,88] - invalidation sessions...
09:20:34.003 [pool-1-thread-1] INFO  c.d.f.s.w.s.OnlineWebSessionManager - [validateSessions,147] - Finished invalidation session. No sessions were stopped.
09:30:34.002 [pool-1-thread-1] INFO  c.d.f.s.w.s.OnlineWebSessionManager - [validateSessions,88] - invalidation sessions...
09:30:34.004 [pool-1-thread-1] INFO  c.d.f.s.w.s.OnlineWebSessionManager - [validateSessions,147] - Finished invalidation session. No sessions were stopped.
09:40:34.007 [pool-1-thread-1] INFO  c.d.f.s.w.s.OnlineWebSessionManager - [validateSessions,88] - invalidation sessions...
09:40:34.010 [pool-1-thread-1] INFO  c.d.f.s.w.s.OnlineWebSessionManager - [validateSessions,147] - Finished invalidation session. No sessions were stopped.
09:50:34.013 [pool-1-thread-1] INFO  c.d.f.s.w.s.OnlineWebSessionManager - [validateSessions,88] - invalidation sessions...
09:50:34.015 [pool-1-thread-1] INFO  c.d.f.s.w.s.OnlineWebSessionManager - [validateSessions,147] - Finished invalidation session. No sessions were stopped.
09:57:04.814 [http-nio-8081-exec-2] INFO  c.d.p.z.a.SystemLogTimerInterceptor - [handlingTimeAround,37] - ---------------------------------------------
09:57:04.828 [pool-2-thread-2] INFO  c.d.c.u.h.HttpUtils - [sendPost,141] - sendPost - http://ip.taobao.com/service/getIpInfo.php?ip=127.0.0.1
09:57:04.829 [http-nio-8081-exec-2] INFO  c.d.p.z.a.SystemLogTimerInterceptor - [handlingTimeAround,38] - 请求方法:[com.datcent.project.module.cbttj.controller.CbttjController.list],请求方法说明:[查询承办庭统计列表]
09:57:04.863 [http-nio-8081-exec-2] INFO  c.d.p.z.a.SystemLogTimerInterceptor - [handlingTimeAround,41] - 执行时长:34
09:57:04.864 [http-nio-8081-exec-2] INFO  c.d.p.z.a.SystemLogTimerInterceptor - [handlingTimeAround,42] - ---------------------------------------------
09:57:04.922 [pool-2-thread-2] INFO  c.d.c.u.h.HttpUtils - [sendPost,160] - recv - {"msg":"the request over max qps for user ,the accessKey=public","code":4}
10:00:34.018 [pool-1-thread-1] INFO  c.d.f.s.w.s.OnlineWebSessionManager - [validateSessions,88] - invalidation sessions...
10:00:34.020 [pool-1-thread-1] INFO  c.d.f.s.w.s.OnlineWebSessionManager - [validateSessions,147] - Finished invalidation session. No sessions were stopped.
10:10:34.023 [pool-1-thread-1] INFO  c.d.f.s.w.s.OnlineWebSessionManager - [validateSessions,88] - invalidation sessions...
10:10:34.030 [pool-1-thread-1] INFO  c.d.f.s.w.s.OnlineWebSessionManager - [validateSessions,147] - Finished invalidation session. No sessions were stopped.
10:20:34.029 [pool-1-thread-1] INFO  c.d.f.s.w.s.OnlineWebSessionManager - [validateSessions,88] - invalidation sessions...
10:20:34.032 [pool-1-thread-1] INFO  c.d.f.s.w.s.OnlineWebSessionManager - [validateSessions,147] - Finished invalidation session. No sessions were stopped.
10:30:34.035 [pool-1-thread-1] INFO  c.d.f.s.w.s.OnlineWebSessionManager - [validateSessions,88] - invalidation sessions...
10:30:34.038 [pool-1-thread-1] INFO  c.d.f.s.w.s.OnlineWebSessionManager - [validateSessions,147] - Finished invalidation session. No sessions were stopped.
10:40:34.040 [pool-1-thread-1] INFO  c.d.f.s.w.s.OnlineWebSessionManager - [validateSessions,88] - invalidation sessions...
10:40:34.042 [pool-1-thread-1] INFO  c.d.f.s.w.s.OnlineWebSessionManager - [validateSessions,147] - Finished invalidation session. No sessions were stopped.
10:50:34.046 [pool-1-thread-1] INFO  c.d.f.s.w.s.OnlineWebSessionManager - [validateSessions,88] - invalidation sessions...
10:50:34.054 [pool-1-thread-1] INFO  c.d.f.s.w.s.OnlineWebSessionManager - [validateSessions,147] - Finished invalidation session. No sessions were stopped.
11:00:34.051 [pool-1-thread-1] INFO  c.d.f.s.w.s.OnlineWebSessionManager - [validateSessions,88] - invalidation sessions...
11:00:34.053 [pool-1-thread-1] INFO  c.d.f.s.w.s.OnlineWebSessionManager - [validateSessions,147] - Finished invalidation session. No sessions were stopped.
11:10:34.068 [pool-1-thread-1] INFO  c.d.f.s.w.s.OnlineWebSessionManager - [validateSessions,88] - invalidation sessions...
11:10:34.076 [pool-1-thread-1] INFO  c.d.f.s.w.s.OnlineWebSessionManager - [validateSessions,147] - Finished invalidation session. No sessions were stopped.
11:20:34.062 [pool-1-thread-1] INFO  c.d.f.s.w.s.OnlineWebSessionManager - [validateSessions,88] - invalidation sessions...
11:20:34.070 [pool-1-thread-1] INFO  c.d.f.s.w.s.OnlineWebSessionManager - [validateSessions,147] - Finished invalidation session. No sessions were stopped.
11:30:34.067 [pool-1-thread-1] INFO  c.d.f.s.w.s.OnlineWebSessionManager - [validateSessions,88] - invalidation sessions...
11:30:34.069 [pool-1-thread-1] INFO  c.d.f.s.w.s.OnlineWebSessionManager - [validateSessions,147] - Finished invalidation session. No sessions were stopped.
11:40:34.072 [pool-1-thread-1] INFO  c.d.f.s.w.s.OnlineWebSessionManager - [validateSessions,88] - invalidation sessions...
11:40:34.075 [pool-1-thread-1] INFO  c.d.f.s.w.s.OnlineWebSessionManager - [validateSessions,147] - Finished invalidation session. No sessions were stopped.
11:50:34.078 [pool-1-thread-1] INFO  c.d.f.s.w.s.OnlineWebSessionManager - [validateSessions,88] - invalidation sessions...
11:50:34.092 [pool-1-thread-1] INFO  c.d.f.s.w.s.OnlineWebSessionManager - [validateSessions,147] - Finished invalidation session. No sessions were stopped.
12:00:34.083 [pool-1-thread-1] INFO  c.d.f.s.w.s.OnlineWebSessionManager - [validateSessions,88] - invalidation sessions...
12:00:34.085 [pool-1-thread-1] INFO  c.d.f.s.w.s.OnlineWebSessionManager - [validateSessions,147] - Finished invalidation session. No sessions were stopped.
12:10:34.088 [pool-1-thread-1] INFO  c.d.f.s.w.s.OnlineWebSessionManager - [validateSessions,88] - invalidation sessions...
12:10:34.091 [pool-1-thread-1] INFO  c.d.f.s.w.s.OnlineWebSessionManager - [validateSessions,147] - Finished invalidation session. No sessions were stopped.
12:20:34.095 [pool-1-thread-1] INFO  c.d.f.s.w.s.OnlineWebSessionManager - [validateSessions,88] - invalidation sessions...
12:20:34.103 [pool-1-thread-1] INFO  c.d.f.s.w.s.OnlineWebSessionManager - [validateSessions,147] - Finished invalidation session. No sessions were stopped.
12:30:34.100 [pool-1-thread-1] INFO  c.d.f.s.w.s.OnlineWebSessionManager - [validateSessions,88] - invalidation sessions...
12:30:34.102 [pool-1-thread-1] INFO  c.d.f.s.w.s.OnlineWebSessionManager - [validateSessions,147] - Finished invalidation session. No sessions were stopped.
12:40:34.105 [pool-1-thread-1] INFO  c.d.f.s.w.s.OnlineWebSessionManager - [validateSessions,88] - invalidation sessions...
12:40:34.106 [pool-1-thread-1] INFO  c.d.f.s.w.s.OnlineWebSessionManager - [validateSessions,147] - Finished invalidation session. No sessions were stopped.
12:50:34.110 [pool-1-thread-1] INFO  c.d.f.s.w.s.OnlineWebSessionManager - [validateSessions,88] - invalidation sessions...
12:50:34.118 [pool-1-thread-1] INFO  c.d.f.s.w.s.OnlineWebSessionManager - [validateSessions,147] - Finished invalidation session. No sessions were stopped.
13:00:34.116 [pool-1-thread-1] INFO  c.d.f.s.w.s.OnlineWebSessionManager - [validateSessions,88] - invalidation sessions...
13:00:34.118 [pool-1-thread-1] INFO  c.d.f.s.w.s.OnlineWebSessionManager - [validateSessions,147] - Finished invalidation session. No sessions were stopped.
13:10:34.121 [pool-1-thread-1] INFO  c.d.f.s.w.s.OnlineWebSessionManager - [validateSessions,88] - invalidation sessions...
13:10:34.123 [pool-1-thread-1] INFO  c.d.f.s.w.s.OnlineWebSessionManager - [validateSessions,147] - Finished invalidation session. No sessions were stopped.
13:20:34.126 [pool-1-thread-1] INFO  c.d.f.s.w.s.OnlineWebSessionManager - [validateSessions,88] - invalidation sessions...
13:20:34.128 [pool-1-thread-1] INFO  c.d.f.s.w.s.OnlineWebSessionManager - [validateSessions,147] - Finished invalidation session. No sessions were stopped.
13:30:34.132 [pool-1-thread-1] INFO  c.d.f.s.w.s.OnlineWebSessionManager - [validateSessions,88] - invalidation sessions...
13:30:34.135 [pool-1-thread-1] INFO  c.d.f.s.w.s.OnlineWebSessionManager - [validateSessions,147] - Finished invalidation session. No sessions were stopped.
13:40:34.137 [pool-1-thread-1] INFO  c.d.f.s.w.s.OnlineWebSessionManager - [validateSessions,88] - invalidation sessions...
13:40:34.139 [pool-1-thread-1] INFO  c.d.f.s.w.s.OnlineWebSessionManager - [validateSessions,147] - Finished invalidation session. No sessions were stopped.
13:50:34.142 [pool-1-thread-1] INFO  c.d.f.s.w.s.OnlineWebSessionManager - [validateSessions,88] - invalidation sessions...
13:50:34.144 [pool-1-thread-1] INFO  c.d.f.s.w.s.OnlineWebSessionManager - [validateSessions,147] - Finished invalidation session. No sessions were stopped.
14:00:34.148 [pool-1-thread-1] INFO  c.d.f.s.w.s.OnlineWebSessionManager - [validateSessions,88] - invalidation sessions...
14:00:34.151 [pool-1-thread-1] INFO  c.d.f.s.w.s.OnlineWebSessionManager - [validateSessions,147] - Finished invalidation session. No sessions were stopped.
14:10:34.154 [pool-1-thread-1] INFO  c.d.f.s.w.s.OnlineWebSessionManager - [validateSessions,88] - invalidation sessions...
14:10:34.156 [pool-1-thread-1] INFO  c.d.f.s.w.s.OnlineWebSessionManager - [validateSessions,147] - Finished invalidation session. No sessions were stopped.
14:20:34.159 [pool-1-thread-1] INFO  c.d.f.s.w.s.OnlineWebSessionManager - [validateSessions,88] - invalidation sessions...
14:20:34.161 [pool-1-thread-1] INFO  c.d.f.s.w.s.OnlineWebSessionManager - [validateSessions,147] - Finished invalidation session. No sessions were stopped.
14:30:34.165 [pool-1-thread-1] INFO  c.d.f.s.w.s.OnlineWebSessionManager - [validateSessions,88] - invalidation sessions...
14:30:34.169 [pool-1-thread-1] INFO  c.d.f.s.w.s.OnlineWebSessionManager - [validateSessions,147] - Finished invalidation session. No sessions were stopped.
14:40:34.170 [pool-1-thread-1] INFO  c.d.f.s.w.s.OnlineWebSessionManager - [validateSessions,88] - invalidation sessions...
14:40:34.174 [pool-1-thread-1] INFO  c.d.f.s.w.s.OnlineWebSessionManager - [validateSessions,147] - Finished invalidation session. No sessions were stopped.
14:50:34.175 [pool-1-thread-1] INFO  c.d.f.s.w.s.OnlineWebSessionManager - [validateSessions,88] - invalidation sessions...
14:50:34.182 [pool-1-thread-1] INFO  c.d.f.s.w.s.OnlineWebSessionManager - [validateSessions,147] - Finished invalidation session. No sessions were stopped.
15:00:34.181 [pool-1-thread-1] INFO  c.d.f.s.w.s.OnlineWebSessionManager - [validateSessions,88] - invalidation sessions...
15:00:34.514 [pool-1-thread-1] INFO  c.d.f.s.w.s.OnlineWebSessionManager - [validateSessions,147] - Finished invalidation session. No sessions were stopped.
15:10:34.186 [pool-1-thread-1] INFO  c.d.f.s.w.s.OnlineWebSessionManager - [validateSessions,88] - invalidation sessions...
15:10:34.188 [pool-1-thread-1] INFO  c.d.f.s.w.s.OnlineWebSessionManager - [validateSessions,147] - Finished invalidation session. No sessions were stopped.
15:20:34.191 [pool-1-thread-1] INFO  c.d.f.s.w.s.OnlineWebSessionManager - [validateSessions,88] - invalidation sessions...
15:20:34.194 [pool-1-thread-1] INFO  c.d.f.s.w.s.OnlineWebSessionManager - [validateSessions,147] - Finished invalidation session. No sessions were stopped.
15:30:34.197 [pool-1-thread-1] INFO  c.d.f.s.w.s.OnlineWebSessionManager - [validateSessions,88] - invalidation sessions...
15:30:34.199 [pool-1-thread-1] INFO  c.d.f.s.w.s.OnlineWebSessionManager - [validateSessions,147] - Finished invalidation session. No sessions were stopped.
15:40:34.202 [pool-1-thread-1] INFO  c.d.f.s.w.s.OnlineWebSessionManager - [validateSessions,88] - invalidation sessions...
15:40:34.204 [pool-1-thread-1] INFO  c.d.f.s.w.s.OnlineWebSessionManager - [validateSessions,147] - Finished invalidation session. No sessions were stopped.
15:50:34.207 [pool-1-thread-1] INFO  c.d.f.s.w.s.OnlineWebSessionManager - [validateSessions,88] - invalidation sessions...
15:50:34.209 [pool-1-thread-1] INFO  c.d.f.s.w.s.OnlineWebSessionManager - [validateSessions,147] - Finished invalidation session. No sessions were stopped.
16:00:34.214 [pool-1-thread-1] INFO  c.d.f.s.w.s.OnlineWebSessionManager - [validateSessions,88] - invalidation sessions...
16:00:34.217 [pool-1-thread-1] INFO  c.d.f.s.w.s.OnlineWebSessionManager - [validateSessions,147] - Finished invalidation session. No sessions were stopped.
16:10:34.219 [pool-1-thread-1] INFO  c.d.f.s.w.s.OnlineWebSessionManager - [validateSessions,88] - invalidation sessions...
16:10:34.220 [pool-1-thread-1] INFO  c.d.f.s.w.s.OnlineWebSessionManager - [validateSessions,147] - Finished invalidation session. No sessions were stopped.
16:20:34.224 [pool-1-thread-1] INFO  c.d.f.s.w.s.OnlineWebSessionManager - [validateSessions,88] - invalidation sessions...
16:20:34.226 [pool-1-thread-1] INFO  c.d.f.s.w.s.OnlineWebSessionManager - [validateSessions,147] - Finished invalidation session. No sessions were stopped.
16:30:34.229 [pool-1-thread-1] INFO  c.d.f.s.w.s.OnlineWebSessionManager - [validateSessions,88] - invalidation sessions...
16:30:34.235 [pool-1-thread-1] INFO  c.d.f.s.w.s.OnlineWebSessionManager - [validateSessions,147] - Finished invalidation session. No sessions were stopped.
16:40:34.228 [pool-1-thread-1] INFO  c.d.f.s.w.s.OnlineWebSessionManager - [validateSessions,88] - invalidation sessions...
16:40:34.230 [pool-1-thread-1] INFO  c.d.f.s.w.s.OnlineWebSessionManager - [validateSessions,147] - Finished invalidation session. No sessions were stopped.
16:50:34.209 [pool-1-thread-1] INFO  c.d.f.s.w.s.OnlineWebSessionManager - [validateSessions,88] - invalidation sessions...
16:50:34.211 [pool-1-thread-1] INFO  c.d.f.s.w.s.OnlineWebSessionManager - [validateSessions,147] - Finished invalidation session. No sessions were stopped.
17:00:34.214 [pool-1-thread-1] INFO  c.d.f.s.w.s.OnlineWebSessionManager - [validateSessions,88] - invalidation sessions...
17:00:34.216 [pool-1-thread-1] INFO  c.d.f.s.w.s.OnlineWebSessionManager - [validateSessions,147] - Finished invalidation session. No sessions were stopped.
17:10:34.220 [pool-1-thread-1] INFO  c.d.f.s.w.s.OnlineWebSessionManager - [validateSessions,88] - invalidation sessions...
17:10:34.222 [pool-1-thread-1] INFO  c.d.f.s.w.s.OnlineWebSessionManager - [validateSessions,147] - Finished invalidation session. No sessions were stopped.
17:20:34.225 [pool-1-thread-1] INFO  c.d.f.s.w.s.OnlineWebSessionManager - [validateSessions,88] - invalidation sessions...
17:20:34.227 [pool-1-thread-1] INFO  c.d.f.s.w.s.OnlineWebSessionManager - [validateSessions,147] - Finished invalidation session. No sessions were stopped.
17:30:34.230 [pool-1-thread-1] INFO  c.d.f.s.w.s.OnlineWebSessionManager - [validateSessions,88] - invalidation sessions...
17:30:34.233 [pool-1-thread-1] INFO  c.d.f.s.w.s.OnlineWebSessionManager - [validateSessions,147] - Finished invalidation session. No sessions were stopped.
17:40:34.236 [pool-1-thread-1] INFO  c.d.f.s.w.s.OnlineWebSessionManager - [validateSessions,88] - invalidation sessions...
17:40:34.238 [pool-1-thread-1] INFO  c.d.f.s.w.s.OnlineWebSessionManager - [validateSessions,147] - Finished invalidation session. No sessions were stopped.
17:50:34.241 [pool-1-thread-1] INFO  c.d.f.s.w.s.OnlineWebSessionManager - [validateSessions,88] - invalidation sessions...
17:50:34.244 [pool-1-thread-1] INFO  c.d.f.s.w.s.OnlineWebSessionManager - [validateSessions,147] - Finished invalidation session. No sessions were stopped.
18:00:34.246 [pool-1-thread-1] INFO  c.d.f.s.w.s.OnlineWebSessionManager - [validateSessions,88] - invalidation sessions...
18:00:34.248 [pool-1-thread-1] INFO  c.d.f.s.w.s.OnlineWebSessionManager - [validateSessions,147] - Finished invalidation session. No sessions were stopped.
18:10:34.253 [pool-1-thread-1] INFO  c.d.f.s.w.s.OnlineWebSessionManager - [validateSessions,88] - invalidation sessions...
18:10:34.256 [pool-1-thread-1] INFO  c.d.f.s.w.s.OnlineWebSessionManager - [validateSessions,147] - Finished invalidation session. No sessions were stopped.
18:20:34.258 [pool-1-thread-1] INFO  c.d.f.s.w.s.OnlineWebSessionManager - [validateSessions,88] - invalidation sessions...
18:20:34.260 [pool-1-thread-1] INFO  c.d.f.s.w.s.OnlineWebSessionManager - [validateSessions,147] - Finished invalidation session. No sessions were stopped.
18:30:34.263 [pool-1-thread-1] INFO  c.d.f.s.w.s.OnlineWebSessionManager - [validateSessions,88] - invalidation sessions...
18:30:34.266 [pool-1-thread-1] INFO  c.d.f.s.w.s.OnlineWebSessionManager - [validateSessions,147] - Finished invalidation session. No sessions were stopped.
18:40:34.269 [pool-1-thread-1] INFO  c.d.f.s.w.s.OnlineWebSessionManager - [validateSessions,88] - invalidation sessions...
18:40:34.272 [pool-1-thread-1] INFO  c.d.f.s.w.s.OnlineWebSessionManager - [validateSessions,147] - Finished invalidation session. No sessions were stopped.
18:50:34.274 [pool-1-thread-1] INFO  c.d.f.s.w.s.OnlineWebSessionManager - [validateSessions,88] - invalidation sessions...
18:50:34.276 [pool-1-thread-1] INFO  c.d.f.s.w.s.OnlineWebSessionManager - [validateSessions,147] - Finished invalidation session. No sessions were stopped.
19:00:34.279 [pool-1-thread-1] INFO  c.d.f.s.w.s.OnlineWebSessionManager - [validateSessions,88] - invalidation sessions...
19:00:34.282 [pool-1-thread-1] INFO  c.d.f.s.w.s.OnlineWebSessionManager - [validateSessions,147] - Finished invalidation session. No sessions were stopped.
19:10:34.285 [pool-1-thread-1] INFO  c.d.f.s.w.s.OnlineWebSessionManager - [validateSessions,88] - invalidation sessions...
19:10:34.287 [pool-1-thread-1] INFO  c.d.f.s.w.s.OnlineWebSessionManager - [validateSessions,147] - Finished invalidation session. No sessions were stopped.
19:20:34.290 [pool-1-thread-1] INFO  c.d.f.s.w.s.OnlineWebSessionManager - [validateSessions,88] - invalidation sessions...
19:20:34.292 [pool-1-thread-1] INFO  c.d.f.s.w.s.OnlineWebSessionManager - [validateSessions,147] - Finished invalidation session. No sessions were stopped.
19:30:34.295 [pool-1-thread-1] INFO  c.d.f.s.w.s.OnlineWebSessionManager - [validateSessions,88] - invalidation sessions...
19:30:34.297 [pool-1-thread-1] INFO  c.d.f.s.w.s.OnlineWebSessionManager - [validateSessions,147] - Finished invalidation session. No sessions were stopped.
19:40:34.301 [pool-1-thread-1] INFO  c.d.f.s.w.s.OnlineWebSessionManager - [validateSessions,88] - invalidation sessions...
19:40:34.302 [pool-1-thread-1] INFO  c.d.f.s.w.s.OnlineWebSessionManager - [validateSessions,147] - Finished invalidation session. No sessions were stopped.
19:50:34.306 [pool-1-thread-1] INFO  c.d.f.s.w.s.OnlineWebSessionManager - [validateSessions,88] - invalidation sessions...
19:50:34.308 [pool-1-thread-1] INFO  c.d.f.s.w.s.OnlineWebSessionManager - [validateSessions,147] - Finished invalidation session. No sessions were stopped.
20:00:34.312 [pool-1-thread-1] INFO  c.d.f.s.w.s.OnlineWebSessionManager - [validateSessions,88] - invalidation sessions...
20:00:34.315 [pool-1-thread-1] INFO  c.d.f.s.w.s.OnlineWebSessionManager - [validateSessions,147] - Finished invalidation session. No sessions were stopped.
20:06:05.753 [Thread-69] INFO  o.q.c.QuartzScheduler - [standby,585] - Scheduler DatcentScheduler_$_WQ-20180902UAPD1590227404617 paused.
